-rw-------@   1 rebeccalemke  staff   10720843 Aug 13 14:10 _Peter J Carroll - Liber Null and Psychonaut_ The Practice of Chaos Magic Revised and Expanded Edition 2022 Weiser Books - libgenli 2.epub
-rw-------@   1 rebeccalemke  staff   10720843 Aug 13 14:10 _Peter J Carroll - Liber Null and Psychonaut_ The Practice of Chaos Magic Revised and Expanded Edition 2022 Weiser Books - libgenli.epub
-rw-------@   1 rebeccalemke  staff    2377567 Aug 13 15:23 9_-_Magical_Use_of_Thought_Forms 2.epub
-rw-------@   1 rebeccalemke  staff    2670436 Aug 10 01:56 A_Modern_Goetic_Grimoire.pdf
-rw-------@   1 rebeccalemke  staff    1001749 Feb  1  2025 ac_goetia.pdf
-rw-------@   1 rebeccalemke  staff    2284933 Feb  1  2025 access-power-of-higher-self_moqyez.pdf
-rw-------@   1 rebeccalemke  staff   22063382 Dec 22  2024 Agrippa and the crisis of Renaissance thought -- Nauert, Charles Garfield -- 1965 -- Urbana_ Univ_ of Illinois Pr_ -- 9780252723018 -- 15d13eeb33d11aa202a650cfb6dc8ce4 -- Anna’s Archive 2.pdf
-rw-------@   1 rebeccalemke  staff   22063382 Dec 22  2024 Agrippa and the crisis of Renaissance thought -- Nauert, Charles Garfield -- 1965 -- Urbana_ Univ_ of Illinois Pr_ -- 9780252723018 -- 15d13eeb33d11aa202a650cfb6dc8ce4 -- Anna’s Archive.pdf
-rw-------@   1 rebeccalemke  staff    2809640 Aug 17 13:14 Agrippa’s 4th book 2.epub
-rw-------@   1 rebeccalemke  staff    2809640 Aug 17 13:14 Agrippa’s 4th book.epub
-rw-------@   1 rebeccalemke  staff  136706735 Aug 30 21:26 Alchemy & Mysticism - Taschen (2003).pdf
-rw-------@   1 rebeccalemke  staff     936917 Aug 13 00:21 aleister_crowley_-_sepher_sephiroth.pdf
-rw-------@   1 rebeccalemke  staff      47084 Aug 13 00:22 aleister_crowley_-_the_greater_ritual_of_the_pentagram.pdf
-rw-------@   1 rebeccalemke  staff      68819 Aug 23 14:46 AleisterCrowley-AcrossTheGulf.pdf
-rw-------@   1 rebeccalemke  staff     736897 Aug 23 14:46 AleisterCrowley-AdMeiorumCthulhiGloriam.pdf
-rw-------@   1 rebeccalemke  staff     255072 Aug 23 14:46 AleisterCrowley-BookOfLies.pdf
-rw-------@   1 rebeccalemke  staff     223505 Aug 23 14:46 AleisterCrowley-BookOfTheLaw.pdf
-rw-------@   1 rebeccalemke  staff      56185 Aug 23 14:46 AleisterCrowley-ConcerningDeath.pdf
-rw-------@   1 rebeccalemke  staff      21371 Aug 23 14:46 AleisterCrowley-Duty.pdf
-rw-------@   1 rebeccalemke  staff     220233 Aug 23 14:46 AleisterCrowley-EightLecturesOnYoga.pdf
-rw-------@   1 rebeccalemke  staff     760022 Aug 23 14:46 AleisterCrowley-Liber777.pdf
-rw-------@   1 rebeccalemke  staff     472694 Aug 23 14:46 AleisterCrowley-LiberChanokh.pdf
-rw-------@   1 rebeccalemke  staff    1043856 Aug 23 14:46 AleisterCrowley-MagickInTheoryAndPractice.pdf
-rw-------@   1 rebeccalemke  staff     660051 Aug 23 14:46 AleisterCrowley-MagickWithoutTears.pdf
-rw-------@   1 rebeccalemke  staff     452849 Aug 23 14:46 AleisterCrowley-Meditation.pdf
-rw-------@   1 rebeccalemke  staff     936917 Aug 23 14:46 AleisterCrowley-SepherSephiroth.pdf
-rw-------@   1 rebeccalemke  staff      93258 Aug 23 14:46 AleisterCrowley-TaoTehKing.pdf
-rw-------@   1 rebeccalemke  staff      53338 Aug 23 14:46 AleisterCrowley-TheHeartOfTheMaster.pdf
-rw-------@   1 rebeccalemke  staff     112539 Aug 23 14:46 AleisterCrowley-TheIChing.pdf
-rw-------@   1 rebeccalemke  staff      14600 Aug 23 14:46 AleisterCrowley-TheLawOfLiberty.pdf
-rw-------@   1 rebeccalemke  staff     225575 Aug 23 14:46 AleisterCrowley-TheLostContinent.pdf
-rw-------@   1 rebeccalemke  staff      94402 Aug 23 14:46 AleisterCrowley-TheO.t.pdf
-rw-------@   1 rebeccalemke  staff    1062717 Aug 23 14:46 AleisterCrowley-TheOldAndNewCommentariesToLiberAl.pdf
-rw-------@   1 rebeccalemke  staff     397355 Aug 23 14:46 AleisterCrowley-TheQabalah.pdf
-rw-------@   1 rebeccalemke  staff     664885 Aug 23 14:46 AleisterCrowley-TheSwordOfSong.pdf
-rw-------@   1 rebeccalemke  staff     182059 Aug 23 14:46 AleisterCrowley-WhiteStains.pdf
-rw-------@   1 rebeccalemke  staff    1350232 Aug 13 00:48 alejandro-jodorowsky_-__psychomagic-the-transformative-power-of-shamanic-psychotherapy.pdf
-rw-------@   1 rebeccalemke  staff      29350 Aug 13 00:52 anathema_of_zos.pdf
-rw-------@   1 rebeccalemke  staff    3311760 Aug 13 14:30 anatomy-of-the-body-of-god.pdf
-rw-------@   1 rebeccalemke  staff    5835142 Aug 13 00:47 andrew_chumbley-one_grimoire_of_the_golden-toad.pdf
-rw-------@   1 rebeccalemke  staff     453417 Aug 12 21:43 anna-kingsford_edward-maitland_virgin-of-the-world-of-hermes.epub
-rw-------@   1 rebeccalemke  staff     298035 Aug 13 00:53 aradia_or_the_gospel_of_the_witches_-_c_g_leland.pdf
-rw-------@   1 rebeccalemke  staff     261300 Aug 10 02:01 Ars_Notoria_The_Grimoire_of_Rapid_Learni.pdf
-rw-------@   1 rebeccalemke  staff    1395048 Aug 13 04:17 arthur-avalon_hymns-to-the-goddess 2.epub
-rw-------@   1 rebeccalemke  staff    5256465 Aug 13 15:22 Austin_Osman_Spare_-_Ethos 2.epub
-rw-------@   1 rebeccalemke  staff    5256465 Aug 13 15:22 Austin_Osman_Spare_-_Ethos.epub
-rw-------@   1 rebeccalemke  staff    9747547 Aug 13 00:52 austinosmanspare-abookofsatyrs.pdf
-rw-------@   1 rebeccalemke  staff    2759351 Aug 13 10:56 Book_of_Soyga_8x10.pdf
-rw-------@   1 rebeccalemke  staff    4567546 Aug 13 13:48 bookfour00crow 2.epub
-rw-------@   1 rebeccalemke  staff    4567546 Aug 13 13:48 bookfour00crow.epub
-rw-------@   1 rebeccalemke  staff   24994564 Aug  5 01:53 case-paul-foster-occult-fund-esoteric-secret-volumes-1-2-combined.pdf
-rw-------@   1 rebeccalemke  staff   19255736 Aug 17 21:00 CG Jung - The Red Book - Liber Novus.epub
-rw-------@   1 rebeccalemke  staff     795838 Aug 13 00:49 chao-te-ching.pdf
-rw-------@   1 rebeccalemke  staff   13538873 Aug 13 00:57 chaos_magick_-_bluefluke_-_the_psychonaut_field_manual_3rd_ed_-_ch_2.pdf
-rw-------@   1 rebeccalemke  staff   20885800 Aug 13 00:57 chaos_magick_-_bluefluke_-_the_psychonaut_field_manual_3rd_ed_-_ch_3.pdf
-rw-------@   1 rebeccalemke  staff   17046292 Aug 13 00:57 chaos_magick_-_bluefluke_-_the_psychonaut_field_manual_3rd_ed-_ch_1 2.pdf
-rw-------@   1 rebeccalemke  staff   17046292 Aug 13 00:57 chaos_magick_-_bluefluke_-_the_psychonaut_field_manual_3rd_ed-_ch_1.pdf
-rw-------@   1 rebeccalemke  staff     199099 Aug 12 20:14 Christopher Hyatt - An Interview with Israel Regardie.epub
-rw-------@   1 rebeccalemke  staff    1666473 Aug 12 20:14 Christopher Hyatt - An Interview with Israel Regardie.pdf
-rw-------@   1 rebeccalemke  staff     178105 Aug 12 23:43 chymical-wedding.epub
-rw-------@   1 rebeccalemke  staff   17416368 Aug 13 00:55 codex_chaotica.pdf
-rw-------@   1 rebeccalemke  staff   24947363 Aug  9 20:21 Complete_Golden_Dawn_System_Of_Magic.pdf
-rw-------@   1 rebeccalemke  staff   16442512 Feb 17  2025 Crystal+Grids.pdf
-rw-------@   1 rebeccalemke  staff    4906128 Aug 13 15:21 crystalvision_frateracher.epub
-rw-------@   1 rebeccalemke  staff    4906128 Aug 13 15:21 crystalvisionthr00acha_0.epub
-rw-------@   1 rebeccalemke  staff    2809640 Aug 17 13:14 cu31924006718757.epub
-rw-------@   1 rebeccalemke  staff     365784 Aug 13 14:16 daemonibus.pdf
-rw-------@   1 rebeccalemke  staff   28810156 Aug 10 01:58 David_Rankine_The_Grimoire_of_Arthur_Gau.pdf
-rw-------@   1 rebeccalemke  staff      91500 Aug 11 15:21 Dion_Fortune_and_Merlin (1) (1) (1).pdf
-rw-------@   1 rebeccalemke  staff     327690 Aug 12 21:14 dion-fortune_applied-magic.epub
-rw-------@   1 rebeccalemke  staff     358717 Aug 12 21:15 dion-fortune_aspects-of-occultism.epub
-rw-------@   1 rebeccalemke  staff     206853 Aug 13 11:08 dion-fortune_sane-occultism.epub
-rw-------@   1 rebeccalemke  staff    7473945 Aug 23 14:56 e7b94e_304cd3a8abc248ce98c6fce933cbec13 (1).pdf
-rw-------@   1 rebeccalemke  staff     327135 Aug 13 13:34 edgar-allan-poe_works-of-edgar-allan-poe-volume-1.epub
-rw-------@   1 rebeccalemke  staff     367399 Aug 13 13:34 edgar-allan-poe_works-of-edgar-allan-poe-volume-2.epub
-rw-------@   1 rebeccalemke  staff     361945 Aug 13 13:34 edgar-allan-poe_works-of-edgar-allan-poe-volume-3.epub
-rw-------@   1 rebeccalemke  staff     327846 Aug 13 13:45 edgar-allan-poe_works-of-edgar-allan-poe-volume-4.epub
-rw-------@   1 rebeccalemke  staff   20483530 Aug 17 21:00 Edred Thorsson - A Book of Troth.epub
-rw-------@   1 rebeccalemke  staff     128791 Aug 12 21:48 emerald-tablet-of-hermes.epub
-rw-------@   1 rebeccalemke  staff   12647872 Aug 13 00:21 enochian_world_of_aleister_crowley_enochian_sex_magick_-_duquette (1).pdf
-rw-------@   1 rebeccalemke  staff     483018 Aug 13 00:08 False_Lying_Spirits_and_Angels_of_Light.pdf
-rw-------@   1 rebeccalemke  staff     929328 Aug 13 03:48 francis-barret_magus-book-1 2.epub
-rw-------@   1 rebeccalemke  staff     929328 Aug 13 03:48 francis-barret_magus-book-1.epub
-rw-------@   1 rebeccalemke  staff     311205 Aug 10 02:24 Frater_FP_The_Magicians_Kabbalah.pdf
-rw-------@   1 rebeccalemke  staff    2078586 Aug 13 00:12 Frater_U_D_Practical_Sigil_Magic.pdf
-rw-------@   1 rebeccalemke  staff    1363198 Aug 12 23:38 frater-achad_anatomy-of-the-body-of-god.epub
-rw-------@   1 rebeccalemke  staff     129250 Aug 12 21:54 freemasonry-and-catholicism.epub
-rw-------@   1 rebeccalemke  staff     780924 Aug 13 13:29 grand-grimoire-with-great-clavicle-of-solomon.epub
-rw-------@   1 rebeccalemke  staff    2066605 Aug 12 21:47 great-art.epub
-rw-------@   1 rebeccalemke  staff   22983092 Aug 13 14:27 Grey Lodge Occult Review Vol I Issue III.epub
-rw-------@   1 rebeccalemke  staff     400935 Aug  5 17:23 Guild Initiation Ritual Manual.pdf
-rw-------@   1 rebeccalemke  staff    1585036 Aug 10 02:27 Hebrew_Alphabet_Study_Workbook_for_Golde 2.pdf
-rw-------@   1 rebeccalemke  staff    1585036 Aug 10 02:27 Hebrew_Alphabet_Study_Workbook_for_Golde.pdf
-rw-------@   1 rebeccalemke  staff    3316218 Aug 13 03:50 helena-blavatsky_isis-unveiled.epub
-rw-------@   1 rebeccalemke  staff   13158814 Aug 10 02:02 Hermetic_Alchemy_Science_Practice_by_Pau 2.pdf
-rw-------@   1 rebeccalemke  staff   13158814 Aug 10 02:02 Hermetic_Alchemy_Science_Practice_by_Pau.pdf
-rw-------@   1 rebeccalemke  staff     100108 Aug 12 21:44 hermetic-arcanum.epub
-rw-------@   1 rebeccalemke  staff    5919481 Aug 13 11:16 hermetic-museum.epub
-rw-------@   1 rebeccalemke  staff     633126 Oct 31  2024 Hermeticpathworking 2.pdf
-rw-------@   1 rebeccalemke  staff     633126 Oct 31  2024 Hermeticpathworking.pdf
-rw-------@   1 rebeccalemke  staff   20984780 Aug 28 13:03 Holy_Books_Thelema_Commentaries (1).pdf
-rw-------@   1 rebeccalemke  staff      57728 Apr 21 20:17 HUNA-Ho-Omana-Energy-Attunement-Manual-1.pdf
-rw-------@   1 rebeccalemke  staff     249393 Oct 22  2024 Isis+Blue+Moon.pdf
-rw-------@   1 rebeccalemke  staff     186409 Aug 12 20:14 Israel Regardie - A Garden of Pomegranates _ An Outline of the Kabbalah.epub
-rw-------@   1 rebeccalemke  staff    8160306 Aug 12 20:14 Israel Regardie - A Garden of Pomegranates _ An Outline of the Kabbalah.pdf
-rw-------@   1 rebeccalemke  staff      47069 Aug 12 20:14 Israel Regardie - A Practical Guide To Geomantic Divination.epub
-rw-------@   1 rebeccalemke  staff   20325687 Aug 12 20:14 Israel Regardie - A Practical Guide To Geomantic Divination.pdf
-rw-------@   1 rebeccalemke  staff      66384 Aug 12 20:14 Israel Regardie - Be Yourself _ The Art of Relaxation.epub
-rw-------@   1 rebeccalemke  staff    1937942 Aug 12 20:14 Israel Regardie - Be Yourself _ The Art of Relaxation.pdf
-rw-------@   1 rebeccalemke  staff    4651706 Aug 12 20:14 Israel Regardie - Ceremonial Magic (1980)_text.pdf
-rw-------@   1 rebeccalemke  staff    9019736 Aug 12 20:14 Israel Regardie - Ceremonial Magic (1980).pdf
-rw-------@   1 rebeccalemke  staff    7366577 Aug 12 20:14 Israel Regardie - Energy Prayer and Relaxation Israel Regardie 2.pdf
-rw-------@   1 rebeccalemke  staff    7366577 Aug 12 20:14 Israel Regardie - Energy Prayer and Relaxation Israel Regardie.pdf
-rw-------@   1 rebeccalemke  staff      52422 Aug 12 20:14 Israel Regardie - How To Make And Use Talismans.epub
-rw-------@   1 rebeccalemke  staff    1342307 Aug 12 20:14 Israel Regardie - How To Make And Use Talismans.pdf
-rw-------@   1 rebeccalemke  staff     506031 Aug 12 20:14 Israel Regardie - The Art and Meaning of Magic.pdf
-rw-------@   1 rebeccalemke  staff   33259951 Aug 12 20:14 Israel Regardie - The Eye In The Triangle (1986) 2.pdf
-rw-------@   1 rebeccalemke  staff   33259951 Aug 12 20:14 Israel Regardie - The Eye In The Triangle (1986).pdf
-rw-------@   1 rebeccalemke  staff   35586684 Aug 12 20:14 Israel Regardie - The Golden Dawn_ The Original Account of the Teachings, Rites & Ceremonies of the Hermetic Order (2002) 2.pdf
-rw-------@   1 rebeccalemke  staff   35586684 Aug 12 20:14 Israel Regardie - The Golden Dawn_ The Original Account of the Teachings, Rites & Ceremonies of the Hermetic Order (2002).pdf
-rw-------@   1 rebeccalemke  staff     389783 Aug 12 20:14 Israel Regardie - The Middle Pillar_ The Balance Between Mind and Magic.epub
-rw-------@   1 rebeccalemke  staff   11213887 Aug 12 20:14 Israel Regardie - The Middle Pillar_ The Balance Between Mind and Magic.pdf
-rw-------@   1 rebeccalemke  staff   21102257 Aug 12 20:14 Israel Regardie - The One Year Manual _ S. Weiser (1981).pdf
-rw-------@   1 rebeccalemke  staff     609987 Aug 12 20:14 Israel Regardie - The Philosopher's Stone.pdf
-rw-------@   1 rebeccalemke  staff     386500 Aug 12 20:14 Israel Regardie - The Romance of Metaphysics_ An Introduction to the History, Theory and Psychology of Modern Metaphysics (1946).epub
-rw-------@   1 rebeccalemke  staff    1641296 Aug 12 20:14 Israel Regardie - The Romance of Metaphysics_ An Introduction to the History, Theory and Psychology of Modern Metaphysics (1946).pdf
-rw-------@   1 rebeccalemke  staff   10883494 Aug 12 20:14 Israel Regardie - The Tree Of Life_ A Study in Magic (1968) 2.pdf
-rw-------@   1 rebeccalemke  staff   10883494 Aug 12 20:14 Israel Regardie - The Tree Of Life_ A Study in Magic (1968).pdf
-rw-------@   1 rebeccalemke  staff      64037 Aug 22  2024 Judith_Hermans_three_stages_recovery_severe_trauma.pdf
-rw-------@   1 rebeccalemke  staff     622761 Aug 12 23:39 karl-von-eckartshausen_cloud-upon-the-sanctuary.epub
-rw-------@   1 rebeccalemke  staff    1140575 Jun 16  2024 Karuna_Ki_Manual_2017_Revised_Edition_Un.pdf
-rw-------@   1 rebeccalemke  staff    4799244 Aug 13 00:49 kuji-kiri-and-majutsu 2.pdf
-rw-------@   1 rebeccalemke  staff    4799244 Aug 13 00:49 kuji-kiri-and-majutsu.pdf
-rw-------@   1 rebeccalemke  staff     198899 Aug 12 21:44 kybalion.epub
-rw-------@   1 rebeccalemke  staff     278171 Jul  1  2024 Lavender Flame Reiki Quan Yin Manual SherrySpeaks.pdf
-rw-------@   1 rebeccalemke  staff      46236 Aug 13 14:26 Liber_Thirty_One_-_Frater_Achad.epub
-rw-------@   1 rebeccalemke  staff     433593 Aug 13 13:46 Liber777revised.epub
-rw-------@   1 rebeccalemke  staff     601496 Aug 13 13:27 lily-adams-beck_way-of-power-studies-in-the-occult.epub
-rw-------@   1 rebeccalemke  staff     196590 Aug 12 23:44 logos-mantram-theurgy.epub
-rw-------@   1 rebeccalemke  staff    1121875 Aug 17 21:00 MadManBookOfFormulas.epub
-rw-------@   1 rebeccalemke  staff    1228637 Aug 23 14:46 MagickWithoutTears.AleisterCrowley.pdf
-rw-------@   1 rebeccalemke  staff    1715067 Aug 13 04:02 magus-a-complete-system-of-occult-philosophy-book-2 (1) 2.epub
-rw-------@   1 rebeccalemke  staff    1715067 Aug 13 04:02 magus-a-complete-system-of-occult-philosophy-book-2 (1) 3.epub
-rw-------@   1 rebeccalemke  staff   12817220 Aug 13 13:29 manly-p-hall_secret-teachings-of-all-ages.epub
-rw-------@   1 rebeccalemke  staff    2304114 May 26  2024 manual-modules-18-complex-ptsd-2day-clinical-workshop.pdf
-rw-------@   1 rebeccalemke  staff    3772150 Apr 14 18:08 Mastery_of_Life 2.pdf
-rw-------@   1 rebeccalemke  staff    3772150 Apr 14 18:08 Mastery_of_Life.pdf
-rw-------@   1 rebeccalemke  staff     207755 Aug 12 21:52 max-heindel_gleanings-of-a-mystic.epub
-rw-------@   1 rebeccalemke  staff   11851403 Aug 17 21:00 Michael W. Ford - Book Of The Witch Moon.epub
-rw-------@   1 rebeccalemke  staff    2581195 Aug 12 21:55 most-holy-trinosophia.epub
-rw-------@   1 rebeccalemke  staff    1506018 Jul 10  2024 Munay+Ki+Transmission+Manual.pdf
-rw-------@   1 rebeccalemke  staff   20574785 Aug 17 21:00 Nevill Drury - Merlin's Book of Magick and Enchantment.epub
-rw-------@   1 rebeccalemke  staff    1053176 Aug 13 03:55 new-model-of-the-universe.epub
-rw-------@   1 rebeccalemke  staff   13733182 Aug 17 21:00 Nigel Pennick - The Book of Primal Signs.epub
-rw-------@   1 rebeccalemke  staff     377495 Aug 12 23:48 numbers-their-occult-power-and-mystic-virtues.epub
-rw-------@   1 rebeccalemke  staff     813250 Aug 12 23:38 nurho-de-manhar_sepher-ha-zohar-or-the-book-of-light 2.epub
-rw-------@   1 rebeccalemke  staff     813250 Aug 12 23:38 nurho-de-manhar_sepher-ha-zohar-or-the-book-of-light.epub
-rw-------@   1 rebeccalemke  staff     209112 Aug 12 21:52 occult-principles-of-health-and-healing.epub
-rw-------@   1 rebeccalemke  staff    2832525 Aug 12 21:32 papus_absolute-key-to-occult-science-the-tarot-of-the-bohemians.epub
-rw-------@   1 rebeccalemke  staff     277494 Aug 13 11:13 paradoxes-of-the-highest-science.epub
-rw-------@   1 rebeccalemke  staff  363604453 Aug 13 13:52 PaulFosterCase-TarotRevelations-1931.epub
-rw-------@   1 rebeccalemke  staff   14683380 Aug 12 20:34 PaulFosterCase-TheMasterPattern-1950.epub
-rw-------@   1 rebeccalemke  staff    8836660 Aug 14 17:10 pg72679-images-3.epub
-rw-------@   1 rebeccalemke  staff   13623409 Aug 12 23:34 picatrix.epub
-rw-------@   1 rebeccalemke  staff     278539 Aug 28 12:57 Poems by Rainer Maria Rilke.epub
-rw-------@   1 rebeccalemke  staff  160066852 Aug 12 21:03 Practical Mental Magic.epub
-rw-------@   1 rebeccalemke  staff     270577 Aug 13 04:01 psychic-self-defense.epub
-rw-------@   1 rebeccalemke  staff    1359049 Aug 13 00:48 qi-gong-and-kuji-in 2.pdf
-rw-------@   1 rebeccalemke  staff    1359049 Aug 13 00:48 qi-gong-and-kuji-in.pdf
-rw-------@   1 rebeccalemke  staff     317274 Aug  4  2024 QUANTUM+HEALING+COURSE+++manual+ENGLISCH+VERSION.pdf
-rw-------@   1 rebeccalemke  staff   17574115 Feb  1  2025 Raja-Yoga 2.pdf
-rw-------@   1 rebeccalemke  staff   17574115 Feb  1  2025 Raja-Yoga.pdf
-rw-------@   1 rebeccalemke  staff    1217126 Aug 13 04:18 ralph-t-h-griffith_rig-veda 2.epub
-rw-------@   1 rebeccalemke  staff    3714843 Aug 17 21:00 Raymond Buckland - Book of Saxon Witchcraft.epub
-rw-------@   1 rebeccalemke  staff   11863160 Aug 10 01:59 Readers_Acclaim_for_Oberon_Zell_Ravenhea (1) 2.pdf
-rw-------@   1 rebeccalemke  staff   11863160 Aug 10 01:59 Readers_Acclaim_for_Oberon_Zell_Ravenhea (1).pdf
-rw-------@   1 rebeccalemke  staff   10178277 Sep 18  2024 Reiki Manual USUI 1-3.pdf
-rw-------@   1 rebeccalemke  staff    2192037 Jun 15  2024 ReikiLevel3Manual-200623-095945.pdf
-rw-------@   1 rebeccalemke  staff    2847596 Aug 13 15:24 Ritual Magic Workbook.pdf
-rw-------@   1 rebeccalemke  staff     362032 Aug 13 11:10 robert-turner_arbatel-on-the-magic-of-the-ancients.epub
-rw-------@   1 rebeccalemke  staff    2743279 Aug 12 21:53 rosicrucian-cosmo-conception.epub
-rw-------@   1 rebeccalemke  staff     954583 Aug 12 23:37 s-l-macgregor-mathers_kabbalah-unveiled.epub
-rw-------@   1 rebeccalemke  staff     556441 Oct 18  2024 SA+SEKHEM+SAHU.pdf
-rw-------@   1 rebeccalemke  staff    5275545 Feb  1  2025 Saint-Germain-on-Alchemy 2.pdf
-rw-------@   1 rebeccalemke  staff    5275545 Feb  1  2025 Saint-Germain-on-Alchemy.pdf
-rw-------@   1 rebeccalemke  staff     761197 Aug 13 03:47 samuel-liddell-macgregor-mathers_sacred-magic-of-abramelin-the-mage.epub
-rw-------@   1 rebeccalemke  staff  168175036 Aug 12 20:42 SamuelLiddellMacGregorMathers-TheKabbalahUnveiled-KabbalaDenudata-CephasPress2003.epub
-rw-------@   1 rebeccalemke  staff     238490 Aug 13 11:09 secrets-of-dr-john-taverner.epub
-rw-------@   1 rebeccalemke  staff     130156 Aug 12 23:50 self-and-its-sheaths.epub
-rw-------@   1 rebeccalemke  staff   15257177 Oct  4  2024 Shamanic+Rose+Healing.pdf
-rw-------@   1 rebeccalemke  staff     206415 Jun 12  2024 Shamballa-System-1.pdf
-rw-------@   1 rebeccalemke  staff     145034 Jul  1  2024 Silver Violet Flame Manual.pdf
-rw-------@   1 rebeccalemke  staff    1907341 Sep 24  2024 Somatic-Sensations-Body-Scan-Guide.pdf
-rw-------@   1 rebeccalemke  staff    7823668 Feb  1  2025 spiritualguideof00moli 2.pdf
-rw-------@   1 rebeccalemke  staff    7823668 Feb  1  2025 spiritualguideof00moli.pdf
-rw-------@   1 rebeccalemke  staff    1838960 Aug 27 13:12 Stephen Skinner - Techniques of High Magic_ A Handbook of Divination, Alchemy, and the Evocation of Spirits (2000).pdf
-rw-------@   1 rebeccalemke  staff   21475873 Aug 27 12:51 Stephen Skinner - The Fourth Book of Occult Philosophy 2.pdf
-rw-------@   1 rebeccalemke  staff    7728594 Aug 13 00:09 Stephen Skinner - The Practical Angel Magic of John Dee Enochian Tables_text 2.pdf
-rw-------@   1 rebeccalemke  staff    7728594 Aug 13 00:09 Stephen Skinner - The Practical Angel Magic of John Dee Enochian Tables_text.pdf
-rw-------@   1 rebeccalemke  staff    9561456 Aug 13 13:49 StephenSkinner-TheCompleteMagiciansTables-2006.epub
-rw-------@   1 rebeccalemke  staff       3936 Aug 22 00:33 Stone_Grimoire_Sponsor_Brief.pdf
-rw-------@   1 rebeccalemke  staff    7078538 Aug  4 22:35 suggestive-inquiry-into-the-hermetic-mystery (1) 2.pdf
-rw-------@   1 rebeccalemke  staff    7078538 Aug  4 22:35 suggestive-inquiry-into-the-hermetic-mystery (1).pdf
-rw-------@   1 rebeccalemke  staff     943944 Aug 12 21:42 suggestive-inquiry-into-the-hermetic-mystery.epub
-rw-------@   1 rebeccalemke  staff     433895 Aug 13 03:55 tertium-organum.epub
-rw-------@   1 rebeccalemke  staff     371736 Aug 13 11:11 thaumaturgia.epub
-rw-------@   1 rebeccalemke  staff   17127308 Aug 17 21:00 The Book of Deadly Names.epub
-rw-------@   1 rebeccalemke  staff     874084 Aug 13 14:22 The Book of Oberon 2.epub
-rw-------@   1 rebeccalemke  staff     874084 Aug 13 14:22 The Book of Oberon.epub
-rw-------@   1 rebeccalemke  staff   24534959 Aug 12 20:57 The Game Of Life by Timothy Leary.epub
-rw-------@   1 rebeccalemke  staff     532604 Aug  5 17:49 The Hieroglyph of the Stone 2.pdf
-rw-------@   1 rebeccalemke  staff     532604 Aug  5 17:49 The Hieroglyph of the Stone.pdf
-rw-------@   1 rebeccalemke  staff    9874016 Aug 13 03:34 The Qabalah of Aleister Crowley Three Texts.epub
-rw-------@   1 rebeccalemke  staff     154052 Aug 10 02:34 The_Corpus_Hermetica 2.pdf
-rw-------@   1 rebeccalemke  staff     154052 Aug 10 02:34 The_Corpus_Hermetica.pdf
-rw-------@   1 rebeccalemke  staff   35177354 Aug 17 21:00 The_Dragon-Book_of_Essex_-_Andrew_Chumbley.epub
-rw-------@   1 rebeccalemke  staff     779048 Aug 13 00:47 the_grand_grimoire_-_dark_lodge_version 2.pdf
-rw-------@   1 rebeccalemke  staff     779048 Aug 13 00:47 the_grand_grimoire_-_dark_lodge_version.pdf
-rw-------@   1 rebeccalemke  staff    6976316 Aug 10 01:57 The_Grimoire_of_Tiamat_pdf 2.pdf
-rw-------@   1 rebeccalemke  staff    6976316 Aug 10 01:57 The_Grimoire_of_Tiamat_pdf.pdf
-rw-------@   1 rebeccalemke  staff     629849 Aug 10 01:59 The_Magic_of_Secret_Gnosis_A_Theoretical (1) 2.pdf
-rw-------@   1 rebeccalemke  staff     629849 Aug 10 01:59 The_Magic_of_Secret_Gnosis_A_Theoretical (1).pdf
-rw-------@   1 rebeccalemke  staff    9436229 Aug 13 00:46 the_master_grimoire_of_magickal_rites___ceremonies_-_copy.pdf
-rw-------@   1 rebeccalemke  staff     205063 Aug 10 03:02 The_Memetic_Evolution_of_Alchemy_From_Zo (1) 2.pdf
-rw-------@   1 rebeccalemke  staff     205063 Aug 10 03:02 The_Memetic_Evolution_of_Alchemy_From_Zo (1).pdf
-rw-------@   1 rebeccalemke  staff     891202 Aug 11 15:23 The_Mystical_Qabalah_by_Dion_Fortune.pdf
-rw-------@   1 rebeccalemke  staff     178054 Aug 13 00:48 the_path_of_the_dragon 2.pdf
-rw-------@   1 rebeccalemke  staff     178054 Aug 13 00:48 the_path_of_the_dragon.pdf
-rw-------@   1 rebeccalemke  staff     327310 Aug 13 00:46 the_zoetic_grimoire_of_zos 2.pdf
-rw-------@   1 rebeccalemke  staff     327310 Aug 13 00:46 the_zoetic_grimoire_of_zos.pdf
-rw-------@   1 rebeccalemke  staff     420786 Aug 23 14:46 TheBookOfLies.pdf
-rw-------@   1 rebeccalemke  staff     119724 Aug 12 23:50 theosophy-and-the-new-psychology.epub
-rw-------@   1 rebeccalemke  staff    5732709 Feb  1  2025 thesivasamhita.pdf
-rw-------@   1 rebeccalemke  staff    1234812 Aug 23 14:46 TheStarInTheWestByCaptainFulleraCriticalEssayOnTheWorksOfAleisterCrowley.pdf
-rw-------@   1 rebeccalemke  staff     105023 Aug 11 15:24 Theurgy_for_the_Masses 2.pdf
-rw-------@   1 rebeccalemke  staff     105023 Aug 11 15:24 Theurgy_for_the_Masses.pdf
-rw-------@   1 rebeccalemke  staff    1389823 Aug 12 21:45 thrice-greatest-hermes-1.epub
-rw-------@   1 rebeccalemke  staff     977143 Aug 12 21:46 thrice-greatest-hermes-2.epub
-rw-------@   1 rebeccalemke  staff     825091 Aug 12 21:46 thrice-greatest-hermes-3.epub
-rw-------@   1 rebeccalemke  staff   22818454 Feb  1  2025 transcendentalma00leviuoft 2.pdf
-rw-------@   1 rebeccalemke  staff   22818454 Feb  1  2025 transcendentalma00leviuoft.pdf
-rw-------@   1 rebeccalemke  staff     468743 Sep 16  2024 Trauma-Focused ACT - Extra Bits - Russ Harris - November 2021.pdf
-rw-------@   1 rebeccalemke  staff   20574786 Aug 17 21:00 Unknown - Merlin Book Of Magick And Enchantment.epub
-rw-------@   1 rebeccalemke  staff     994085 Jun 30  2024 violet-flame-1.pdf
-rw-------@   1 rebeccalemke  staff     892092 Dec  2  2024 Violet+Flame+Reiki+Manual.pdf
-rw-------@   1 rebeccalemke  staff     559936 Aug 13 13:31 w-h-davenport-adams_witch-warlock-and-magician.epub
-rw-------@   1 rebeccalemke  staff     875967 Sep 26  2022 zodiacpolarityworkbook.pdf
